2018-11-24 13:40:26,120 INFO  [main] plugins.PluginsService (PluginsService.java:190) - no modules loaded
2018-11-24 13:40:26,129 INFO  [main] plugins.PluginsService (PluginsService.java:193) - loaded plugin [org.elasticsearch.index.reindex.ReindexPlugin]
2018-11-24 13:40:26,130 INFO  [main] plugins.PluginsService (PluginsService.java:193) - loaded plugin [org.elasticsearch.join.ParentJoinPlugin]
2018-11-24 13:40:26,130 INFO  [main] plugins.PluginsService (PluginsService.java:193) - loaded plugin [org.elasticsearch.percolator.PercolatorPlugin]
2018-11-24 13:40:26,130 INFO  [main] plugins.PluginsService (PluginsService.java:193) - loaded plugin [org.elasticsearch.script.mustache.MustachePlugin]
2018-11-24 13:40:26,131 INFO  [main] plugins.PluginsService (PluginsService.java:193) - loaded plugin [org.elasticsearch.transport.Netty4Plugin]
2018-11-24 13:41:07,209 ERROR [main] utils.ElasticSearchUtils (ElasticSearchUtils.java:58) - Error Creating Index
java.lang.IllegalArgumentException: mapping source must be pairs of fieldnames and properties definition.
	at org.elasticsearch.action.admin.indices.mapping.put.PutMappingRequest.buildFromSimplifiedDef(PutMappingRequest.java:200) ~[elasticsearch-6.5.1.jar:6.5.1]
	at org.elasticsearch.action.admin.indices.mapping.put.PutMappingRequest.source(PutMappingRequest.java:185) ~[elasticsearch-6.5.1.jar:6.5.1]
	at de.bytefish.elasticutils.elasticsearch6.utils.ElasticSearchUtils.internalPutMapping(ElasticSearchUtils.java:83) ~[classes/:?]
	at de.bytefish.elasticutils.elasticsearch6.utils.ElasticSearchUtils.putMapping(ElasticSearchUtils.java:55) [classes/:?]
	at de.bytefish.elasticutils.elasticsearch6.example.IntegrationTest.createMapping(IntegrationTest.java:85) [test-classes/:?]
	at de.bytefish.elasticutils.elasticsearch6.example.IntegrationTest.bulkProcessingTest(IntegrationTest.java:61) [test-classes/:?]
	at sun.reflect.NativeMethodAccessorImpl.invoke0(Native Method) ~[?:1.8.0_111]
	at sun.reflect.NativeMethodAccessorImpl.invoke(NativeMethodAccessorImpl.java:62) ~[?:1.8.0_111]
	at sun.reflect.DelegatingMethodAccessorImpl.invoke(DelegatingMethodAccessorImpl.java:43) ~[?:1.8.0_111]
	at java.lang.reflect.Method.invoke(Method.java:498) ~[?:1.8.0_111]
	at org.junit.runners.model.FrameworkMethod$1.runReflectiveCall(FrameworkMethod.java:50) [junit-4.12.jar:4.12]
	at org.junit.internal.runners.model.ReflectiveCallable.run(ReflectiveCallable.java:12) [junit-4.12.jar:4.12]
	at org.junit.runners.model.FrameworkMethod.invokeExplosively(FrameworkMethod.java:47) [junit-4.12.jar:4.12]
	at org.junit.internal.runners.statements.InvokeMethod.evaluate(InvokeMethod.java:17) [junit-4.12.jar:4.12]
	at org.junit.runners.ParentRunner.runLeaf(ParentRunner.java:325) [junit-4.12.jar:4.12]
	at org.junit.runners.BlockJUnit4ClassRunner.runChild(BlockJUnit4ClassRunner.java:78) [junit-4.12.jar:4.12]
	at org.junit.runners.BlockJUnit4ClassRunner.runChild(BlockJUnit4ClassRunner.java:57) [junit-4.12.jar:4.12]
	at org.junit.runners.ParentRunner$3.run(ParentRunner.java:290) [junit-4.12.jar:4.12]
	at org.junit.runners.ParentRunner$1.schedule(ParentRunner.java:71) [junit-4.12.jar:4.12]
	at org.junit.runners.ParentRunner.runChildren(ParentRunner.java:288) [junit-4.12.jar:4.12]
	at org.junit.runners.ParentRunner.access$000(ParentRunner.java:58) [junit-4.12.jar:4.12]
	at org.junit.runners.ParentRunner$2.evaluate(ParentRunner.java:268) [junit-4.12.jar:4.12]
	at org.junit.runners.ParentRunner.run(ParentRunner.java:363) [junit-4.12.jar:4.12]
	at org.junit.runner.JUnitCore.run(JUnitCore.java:137) [junit-4.12.jar:4.12]
	at com.intellij.junit4.JUnit4IdeaTestRunner.startRunnerWithArgs(JUnit4IdeaTestRunner.java:68) [junit-rt.jar:?]
	at com.intellij.rt.execution.junit.IdeaTestRunner$Repeater.startRunnerWithArgs(IdeaTestRunner.java:47) [junit-rt.jar:?]
	at com.intellij.rt.execution.junit.JUnitStarter.prepareStreamsAndStart(JUnitStarter.java:242) [junit-rt.jar:?]
	at com.intellij.rt.execution.junit.JUnitStarter.main(JUnitStarter.java:70) [junit-rt.jar:?]
2018-11-24 13:41:54,655 INFO  [main] plugins.PluginsService (PluginsService.java:190) - no modules loaded
2018-11-24 13:41:54,663 INFO  [main] plugins.PluginsService (PluginsService.java:193) - loaded plugin [org.elasticsearch.index.reindex.ReindexPlugin]
2018-11-24 13:41:54,664 INFO  [main] plugins.PluginsService (PluginsService.java:193) - loaded plugin [org.elasticsearch.join.ParentJoinPlugin]
2018-11-24 13:41:54,664 INFO  [main] plugins.PluginsService (PluginsService.java:193) - loaded plugin [org.elasticsearch.percolator.PercolatorPlugin]
2018-11-24 13:41:54,664 INFO  [main] plugins.PluginsService (PluginsService.java:193) - loaded plugin [org.elasticsearch.script.mustache.MustachePlugin]
2018-11-24 13:41:54,664 INFO  [main] plugins.PluginsService (PluginsService.java:193) - loaded plugin [org.elasticsearch.transport.Netty4Plugin]
2018-11-24 13:42:08,714 ERROR [main] utils.ElasticSearchUtils (ElasticSearchUtils.java:58) - Error Creating Index
java.lang.IllegalArgumentException: mapping source must be pairs of fieldnames and properties definition.
	at org.elasticsearch.action.admin.indices.mapping.put.PutMappingRequest.buildFromSimplifiedDef(PutMappingRequest.java:200) ~[elasticsearch-6.5.1.jar:6.5.1]
	at org.elasticsearch.action.admin.indices.mapping.put.PutMappingRequest.source(PutMappingRequest.java:185) ~[elasticsearch-6.5.1.jar:6.5.1]
	at de.bytefish.elasticutils.elasticsearch6.utils.ElasticSearchUtils.internalPutMapping(ElasticSearchUtils.java:89) ~[classes/:?]
	at de.bytefish.elasticutils.elasticsearch6.utils.ElasticSearchUtils.putMapping(ElasticSearchUtils.java:55) [classes/:?]
	at de.bytefish.elasticutils.elasticsearch6.example.IntegrationTest.createMapping(IntegrationTest.java:85) [test-classes/:?]
	at de.bytefish.elasticutils.elasticsearch6.example.IntegrationTest.bulkProcessingTest(IntegrationTest.java:61) [test-classes/:?]
	at sun.reflect.NativeMethodAccessorImpl.invoke0(Native Method) ~[?:1.8.0_111]
	at sun.reflect.NativeMethodAccessorImpl.invoke(NativeMethodAccessorImpl.java:62) ~[?:1.8.0_111]
	at sun.reflect.DelegatingMethodAccessorImpl.invoke(DelegatingMethodAccessorImpl.java:43) ~[?:1.8.0_111]
	at java.lang.reflect.Method.invoke(Method.java:498) ~[?:1.8.0_111]
	at org.junit.runners.model.FrameworkMethod$1.runReflectiveCall(FrameworkMethod.java:50) [junit-4.12.jar:4.12]
	at org.junit.internal.runners.model.ReflectiveCallable.run(ReflectiveCallable.java:12) [junit-4.12.jar:4.12]
	at org.junit.runners.model.FrameworkMethod.invokeExplosively(FrameworkMethod.java:47) [junit-4.12.jar:4.12]
	at org.junit.internal.runners.statements.InvokeMethod.evaluate(InvokeMethod.java:17) [junit-4.12.jar:4.12]
	at org.junit.runners.ParentRunner.runLeaf(ParentRunner.java:325) [junit-4.12.jar:4.12]
	at org.junit.runners.BlockJUnit4ClassRunner.runChild(BlockJUnit4ClassRunner.java:78) [junit-4.12.jar:4.12]
	at org.junit.runners.BlockJUnit4ClassRunner.runChild(BlockJUnit4ClassRunner.java:57) [junit-4.12.jar:4.12]
	at org.junit.runners.ParentRunner$3.run(ParentRunner.java:290) [junit-4.12.jar:4.12]
	at org.junit.runners.ParentRunner$1.schedule(ParentRunner.java:71) [junit-4.12.jar:4.12]
	at org.junit.runners.ParentRunner.runChildren(ParentRunner.java:288) [junit-4.12.jar:4.12]
	at org.junit.runners.ParentRunner.access$000(ParentRunner.java:58) [junit-4.12.jar:4.12]
	at org.junit.runners.ParentRunner$2.evaluate(ParentRunner.java:268) [junit-4.12.jar:4.12]
	at org.junit.runners.ParentRunner.run(ParentRunner.java:363) [junit-4.12.jar:4.12]
	at org.junit.runner.JUnitCore.run(JUnitCore.java:137) [junit-4.12.jar:4.12]
	at com.intellij.junit4.JUnit4IdeaTestRunner.startRunnerWithArgs(JUnit4IdeaTestRunner.java:68) [junit-rt.jar:?]
	at com.intellij.rt.execution.junit.IdeaTestRunner$Repeater.startRunnerWithArgs(IdeaTestRunner.java:47) [junit-rt.jar:?]
	at com.intellij.rt.execution.junit.JUnitStarter.prepareStreamsAndStart(JUnitStarter.java:242) [junit-rt.jar:?]
	at com.intellij.rt.execution.junit.JUnitStarter.main(JUnitStarter.java:70) [junit-rt.jar:?]
2018-11-24 13:48:32,293 INFO  [main] plugins.PluginsService (PluginsService.java:190) - no modules loaded
2018-11-24 13:48:32,309 INFO  [main] plugins.PluginsService (PluginsService.java:193) - loaded plugin [org.elasticsearch.index.reindex.ReindexPlugin]
2018-11-24 13:48:32,309 INFO  [main] plugins.PluginsService (PluginsService.java:193) - loaded plugin [org.elasticsearch.join.ParentJoinPlugin]
2018-11-24 13:48:32,309 INFO  [main] plugins.PluginsService (PluginsService.java:193) - loaded plugin [org.elasticsearch.percolator.PercolatorPlugin]
2018-11-24 13:48:32,309 INFO  [main] plugins.PluginsService (PluginsService.java:193) - loaded plugin [org.elasticsearch.script.mustache.MustachePlugin]
2018-11-24 13:48:32,309 INFO  [main] plugins.PluginsService (PluginsService.java:193) - loaded plugin [org.elasticsearch.transport.Netty4Plugin]
2018-11-24 13:50:19,075 INFO  [main] plugins.PluginsService (PluginsService.java:190) - no modules loaded
2018-11-24 13:50:19,075 INFO  [main] plugins.PluginsService (PluginsService.java:193) - loaded plugin [org.elasticsearch.index.reindex.ReindexPlugin]
2018-11-24 13:50:19,075 INFO  [main] plugins.PluginsService (PluginsService.java:193) - loaded plugin [org.elasticsearch.join.ParentJoinPlugin]
2018-11-24 13:50:19,075 INFO  [main] plugins.PluginsService (PluginsService.java:193) - loaded plugin [org.elasticsearch.percolator.PercolatorPlugin]
2018-11-24 13:50:19,075 INFO  [main] plugins.PluginsService (PluginsService.java:193) - loaded plugin [org.elasticsearch.script.mustache.MustachePlugin]
2018-11-24 13:50:19,075 INFO  [main] plugins.PluginsService (PluginsService.java:193) - loaded plugin [org.elasticsearch.transport.Netty4Plugin]
2018-11-24 13:50:23,941 ERROR [main] utils.ElasticSearchUtils (ElasticSearchUtils.java:63) - Error Creating Index
java.lang.IllegalArgumentException: mapping source must be pairs of fieldnames and properties definition.
	at org.elasticsearch.action.admin.indices.mapping.put.PutMappingRequest.buildFromSimplifiedDef(PutMappingRequest.java:200) ~[elasticsearch-6.5.1.jar:6.5.1]
	at org.elasticsearch.action.admin.indices.mapping.put.PutMappingRequest.source(PutMappingRequest.java:185) ~[elasticsearch-6.5.1.jar:6.5.1]
	at de.bytefish.elasticutils.elasticsearch6.utils.ElasticSearchUtils.internalPutMapping(ElasticSearchUtils.java:91) ~[classes/:?]
	at de.bytefish.elasticutils.elasticsearch6.utils.ElasticSearchUtils.putMapping(ElasticSearchUtils.java:60) [classes/:?]
	at de.bytefish.elasticutils.elasticsearch6.example.IntegrationTest.createMapping(IntegrationTest.java:85) [test-classes/:?]
	at de.bytefish.elasticutils.elasticsearch6.example.IntegrationTest.bulkProcessingTest(IntegrationTest.java:61) [test-classes/:?]
	at sun.reflect.NativeMethodAccessorImpl.invoke0(Native Method) ~[?:1.8.0_111]
	at sun.reflect.NativeMethodAccessorImpl.invoke(NativeMethodAccessorImpl.java:62) ~[?:1.8.0_111]
	at sun.reflect.DelegatingMethodAccessorImpl.invoke(DelegatingMethodAccessorImpl.java:43) ~[?:1.8.0_111]
	at java.lang.reflect.Method.invoke(Method.java:498) ~[?:1.8.0_111]
	at org.junit.runners.model.FrameworkMethod$1.runReflectiveCall(FrameworkMethod.java:50) [junit-4.12.jar:4.12]
	at org.junit.internal.runners.model.ReflectiveCallable.run(ReflectiveCallable.java:12) [junit-4.12.jar:4.12]
	at org.junit.runners.model.FrameworkMethod.invokeExplosively(FrameworkMethod.java:47) [junit-4.12.jar:4.12]
	at org.junit.internal.runners.statements.InvokeMethod.evaluate(InvokeMethod.java:17) [junit-4.12.jar:4.12]
	at org.junit.runners.ParentRunner.runLeaf(ParentRunner.java:325) [junit-4.12.jar:4.12]
	at org.junit.runners.BlockJUnit4ClassRunner.runChild(BlockJUnit4ClassRunner.java:78) [junit-4.12.jar:4.12]
	at org.junit.runners.BlockJUnit4ClassRunner.runChild(BlockJUnit4ClassRunner.java:57) [junit-4.12.jar:4.12]
	at org.junit.runners.ParentRunner$3.run(ParentRunner.java:290) [junit-4.12.jar:4.12]
	at org.junit.runners.ParentRunner$1.schedule(ParentRunner.java:71) [junit-4.12.jar:4.12]
	at org.junit.runners.ParentRunner.runChildren(ParentRunner.java:288) [junit-4.12.jar:4.12]
	at org.junit.runners.ParentRunner.access$000(ParentRunner.java:58) [junit-4.12.jar:4.12]
	at org.junit.runners.ParentRunner$2.evaluate(ParentRunner.java:268) [junit-4.12.jar:4.12]
	at org.junit.runners.ParentRunner.run(ParentRunner.java:363) [junit-4.12.jar:4.12]
	at org.junit.runner.JUnitCore.run(JUnitCore.java:137) [junit-4.12.jar:4.12]
	at com.intellij.junit4.JUnit4IdeaTestRunner.startRunnerWithArgs(JUnit4IdeaTestRunner.java:68) [junit-rt.jar:?]
	at com.intellij.rt.execution.junit.IdeaTestRunner$Repeater.startRunnerWithArgs(IdeaTestRunner.java:47) [junit-rt.jar:?]
	at com.intellij.rt.execution.junit.JUnitStarter.prepareStreamsAndStart(JUnitStarter.java:242) [junit-rt.jar:?]
	at com.intellij.rt.execution.junit.JUnitStarter.main(JUnitStarter.java:70) [junit-rt.jar:?]
2018-11-24 13:51:31,880 INFO  [main] plugins.PluginsService (PluginsService.java:190) - no modules loaded
2018-11-24 13:51:31,880 INFO  [main] plugins.PluginsService (PluginsService.java:193) - loaded plugin [org.elasticsearch.index.reindex.ReindexPlugin]
2018-11-24 13:51:31,880 INFO  [main] plugins.PluginsService (PluginsService.java:193) - loaded plugin [org.elasticsearch.join.ParentJoinPlugin]
2018-11-24 13:51:31,880 INFO  [main] plugins.PluginsService (PluginsService.java:193) - loaded plugin [org.elasticsearch.percolator.PercolatorPlugin]
2018-11-24 13:51:31,880 INFO  [main] plugins.PluginsService (PluginsService.java:193) - loaded plugin [org.elasticsearch.script.mustache.MustachePlugin]
2018-11-24 13:51:31,880 INFO  [main] plugins.PluginsService (PluginsService.java:193) - loaded plugin [org.elasticsearch.transport.Netty4Plugin]
2018-11-24 13:52:23,292 INFO  [main] plugins.PluginsService (PluginsService.java:190) - no modules loaded
2018-11-24 13:52:23,292 INFO  [main] plugins.PluginsService (PluginsService.java:193) - loaded plugin [org.elasticsearch.index.reindex.ReindexPlugin]
2018-11-24 13:52:23,292 INFO  [main] plugins.PluginsService (PluginsService.java:193) - loaded plugin [org.elasticsearch.join.ParentJoinPlugin]
2018-11-24 13:52:23,292 INFO  [main] plugins.PluginsService (PluginsService.java:193) - loaded plugin [org.elasticsearch.percolator.PercolatorPlugin]
2018-11-24 13:52:23,292 INFO  [main] plugins.PluginsService (PluginsService.java:193) - loaded plugin [org.elasticsearch.script.mustache.MustachePlugin]
2018-11-24 13:52:23,292 INFO  [main] plugins.PluginsService (PluginsService.java:193) - loaded plugin [org.elasticsearch.transport.Netty4Plugin]
