2018-11-24 13:40:26,120 INFO  [main] plugins.PluginsService (PluginsService.java:190) - no modules loaded
2018-11-24 13:40:26,129 INFO  [main] plugins.PluginsService (PluginsService.java:193) - loaded plugin [org.elasticsearch.index.reindex.ReindexPlugin]
2018-11-24 13:40:26,130 INFO  [main] plugins.PluginsService (PluginsService.java:193) - loaded plugin [org.elasticsearch.join.ParentJoinPlugin]
2018-11-24 13:40:26,130 INFO  [main] plugins.PluginsService (PluginsService.java:193) - loaded plugin [org.elasticsearch.percolator.PercolatorPlugin]
2018-11-24 13:40:26,130 INFO  [main] plugins.PluginsService (PluginsService.java:193) - loaded plugin [org.elasticsearch.script.mustache.MustachePlugin]
2018-11-24 13:40:26,131 INFO  [main] plugins.PluginsService (PluginsService.java:193) - loaded plugin [org.elasticsearch.transport.Netty4Plugin]
2018-11-24 13:41:07,209 ERROR [main] utils.ElasticSearchUtils (ElasticSearchUtils.java:58) - Error Creating Index
java.lang.IllegalArgumentException: mapping source must be pairs of fieldnames and properties definition.
	at org.elasticsearch.action.admin.indices.mapping.put.PutMappingRequest.buildFromSimplifiedDef(PutMappingRequest.java:200) ~[elasticsearch-6.5.1.jar:6.5.1]
	at org.elasticsearch.action.admin.indices.mapping.put.PutMappingRequest.source(PutMappingRequest.java:185) ~[elasticsearch-6.5.1.jar:6.5.1]
	at de.bytefish.elasticutils.elasticsearch6.utils.ElasticSearchUtils.internalPutMapping(ElasticSearchUtils.java:83) ~[classes/:?]
	at de.bytefish.elasticutils.elasticsearch6.utils.ElasticSearchUtils.putMapping(ElasticSearchUtils.java:55) [classes/:?]
	at de.bytefish.elasticutils.elasticsearch6.example.IntegrationTest.createMapping(IntegrationTest.java:85) [test-classes/:?]
	at de.bytefish.elasticutils.elasticsearch6.example.IntegrationTest.bulkProcessingTest(IntegrationTest.java:61) [test-classes/:?]
	at sun.reflect.NativeMethodAccessorImpl.invoke0(Native Method) ~[?:1.8.0_111]
	at sun.reflect.NativeMethodAccessorImpl.invoke(NativeMethodAccessorImpl.java:62) ~[?:1.8.0_111]
	at sun.reflect.DelegatingMethodAccessorImpl.invoke(DelegatingMethodAccessorImpl.java:43) ~[?:1.8.0_111]
	at java.lang.reflect.Method.invoke(Method.java:498) ~[?:1.8.0_111]
	at org.junit.runners.model.FrameworkMethod$1.runReflectiveCall(FrameworkMethod.java:50) [junit-4.12.jar:4.12]
	at org.junit.internal.runners.model.ReflectiveCallable.run(ReflectiveCallable.java:12) [junit-4.12.jar:4.12]
	at org.junit.runners.model.FrameworkMethod.invokeExplosively(FrameworkMethod.java:47) [junit-4.12.jar:4.12]
	at org.junit.internal.runners.statements.InvokeMethod.evaluate(InvokeMethod.java:17) [junit-4.12.jar:4.12]
	at org.junit.runners.ParentRunner.runLeaf(ParentRunner.java:325) [junit-4.12.jar:4.12]
	at org.junit.runners.BlockJUnit4ClassRunner.runChild(BlockJUnit4ClassRunner.java:78) [junit-4.12.jar:4.12]
	at org.junit.runners.BlockJUnit4ClassRunner.runChild(BlockJUnit4ClassRunner.java:57) [junit-4.12.jar:4.12]
	at org.junit.runners.ParentRunner$3.run(ParentRunner.java:290) [junit-4.12.jar:4.12]
	at org.junit.runners.ParentRunner$1.schedule(ParentRunner.java:71) [junit-4.12.jar:4.12]
	at org.junit.runners.ParentRunner.runChildren(ParentRunner.java:288) [junit-4.12.jar:4.12]
	at org.junit.runners.ParentRunner.access$000(ParentRunner.java:58) [junit-4.12.jar:4.12]
	at org.junit.runners.ParentRunner$2.evaluate(ParentRunner.java:268) [junit-4.12.jar:4.12]
	at org.junit.runners.ParentRunner.run(ParentRunner.java:363) [junit-4.12.jar:4.12]
	at org.junit.runner.JUnitCore.run(JUnitCore.java:137) [junit-4.12.jar:4.12]
	at com.intellij.junit4.JUnit4IdeaTestRunner.startRunnerWithArgs(JUnit4IdeaTestRunner.java:68) [junit-rt.jar:?]
	at com.intellij.rt.execution.junit.IdeaTestRunner$Repeater.startRunnerWithArgs(IdeaTestRunner.java:47) [junit-rt.jar:?]
	at com.intellij.rt.execution.junit.JUnitStarter.prepareStreamsAndStart(JUnitStarter.java:242) [junit-rt.jar:?]
	at com.intellij.rt.execution.junit.JUnitStarter.main(JUnitStarter.java:70) [junit-rt.jar:?]
2018-11-24 13:41:54,655 INFO  [main] plugins.PluginsService (PluginsService.java:190) - no modules loaded
2018-11-24 13:41:54,663 INFO  [main] plugins.PluginsService (PluginsService.java:193) - loaded plugin [org.elasticsearch.index.reindex.ReindexPlugin]
2018-11-24 13:41:54,664 INFO  [main] plugins.PluginsService (PluginsService.java:193) - loaded plugin [org.elasticsearch.join.ParentJoinPlugin]
2018-11-24 13:41:54,664 INFO  [main] plugins.PluginsService (PluginsService.java:193) - loaded plugin [org.elasticsearch.percolator.PercolatorPlugin]
2018-11-24 13:41:54,664 INFO  [main] plugins.PluginsService (PluginsService.java:193) - loaded plugin [org.elasticsearch.script.mustache.MustachePlugin]
2018-11-24 13:41:54,664 INFO  [main] plugins.PluginsService (PluginsService.java:193) - loaded plugin [org.elasticsearch.transport.Netty4Plugin]
2018-11-24 13:42:08,714 ERROR [main] utils.ElasticSearchUtils (ElasticSearchUtils.java:58) - Error Creating Index
java.lang.IllegalArgumentException: mapping source must be pairs of fieldnames and properties definition.
	at org.elasticsearch.action.admin.indices.mapping.put.PutMappingRequest.buildFromSimplifiedDef(PutMappingRequest.java:200) ~[elasticsearch-6.5.1.jar:6.5.1]
	at org.elasticsearch.action.admin.indices.mapping.put.PutMappingRequest.source(PutMappingRequest.java:185) ~[elasticsearch-6.5.1.jar:6.5.1]
	at de.bytefish.elasticutils.elasticsearch6.utils.ElasticSearchUtils.internalPutMapping(ElasticSearchUtils.java:89) ~[classes/:?]
	at de.bytefish.elasticutils.elasticsearch6.utils.ElasticSearchUtils.putMapping(ElasticSearchUtils.java:55) [classes/:?]
	at de.bytefish.elasticutils.elasticsearch6.example.IntegrationTest.createMapping(IntegrationTest.java:85) [test-classes/:?]
	at de.bytefish.elasticutils.elasticsearch6.example.IntegrationTest.bulkProcessingTest(IntegrationTest.java:61) [test-classes/:?]
	at sun.reflect.NativeMethodAccessorImpl.invoke0(Native Method) ~[?:1.8.0_111]
	at sun.reflect.NativeMethodAccessorImpl.invoke(NativeMethodAccessorImpl.java:62) ~[?:1.8.0_111]
	at sun.reflect.DelegatingMethodAccessorImpl.invoke(DelegatingMethodAccessorImpl.java:43) ~[?:1.8.0_111]
	at java.lang.reflect.Method.invoke(Method.java:498) ~[?:1.8.0_111]
	at org.junit.runners.model.FrameworkMethod$1.runReflectiveCall(FrameworkMethod.java:50) [junit-4.12.jar:4.12]
	at org.junit.internal.runners.model.ReflectiveCallable.run(ReflectiveCallable.java:12) [junit-4.12.jar:4.12]
	at org.junit.runners.model.FrameworkMethod.invokeExplosively(FrameworkMethod.java:47) [junit-4.12.jar:4.12]
	at org.junit.internal.runners.statements.InvokeMethod.evaluate(InvokeMethod.java:17) [junit-4.12.jar:4.12]
	at org.junit.runners.ParentRunner.runLeaf(ParentRunner.java:325) [junit-4.12.jar:4.12]
	at org.junit.runners.BlockJUnit4ClassRunner.runChild(BlockJUnit4ClassRunner.java:78) [junit-4.12.jar:4.12]
	at org.junit.runners.BlockJUnit4ClassRunner.runChild(BlockJUnit4ClassRunner.java:57) [junit-4.12.jar:4.12]
	at org.junit.runners.ParentRunner$3.run(ParentRunner.java:290) [junit-4.12.jar:4.12]
	at org.junit.runners.ParentRunner$1.schedule(ParentRunner.java:71) [junit-4.12.jar:4.12]
	at org.junit.runners.ParentRunner.runChildren(ParentRunner.java:288) [junit-4.12.jar:4.12]
	at org.junit.runners.ParentRunner.access$000(ParentRunner.java:58) [junit-4.12.jar:4.12]
	at org.junit.runners.ParentRunner$2.evaluate(ParentRunner.java:268) [junit-4.12.jar:4.12]
	at org.junit.runners.ParentRunner.run(ParentRunner.java:363) [junit-4.12.jar:4.12]
	at org.junit.runner.JUnitCore.run(JUnitCore.java:137) [junit-4.12.jar:4.12]
	at com.intellij.junit4.JUnit4IdeaTestRunner.startRunnerWithArgs(JUnit4IdeaTestRunner.java:68) [junit-rt.jar:?]
	at com.intellij.rt.execution.junit.IdeaTestRunner$Repeater.startRunnerWithArgs(IdeaTestRunner.java:47) [junit-rt.jar:?]
	at com.intellij.rt.execution.junit.JUnitStarter.prepareStreamsAndStart(JUnitStarter.java:242) [junit-rt.jar:?]
	at com.intellij.rt.execution.junit.JUnitStarter.main(JUnitStarter.java:70) [junit-rt.jar:?]
2018-11-24 13:48:32,293 INFO  [main] plugins.PluginsService (PluginsService.java:190) - no modules loaded
2018-11-24 13:48:32,309 INFO  [main] plugins.PluginsService (PluginsService.java:193) - loaded plugin [org.elasticsearch.index.reindex.ReindexPlugin]
2018-11-24 13:48:32,309 INFO  [main] plugins.PluginsService (PluginsService.java:193) - loaded plugin [org.elasticsearch.join.ParentJoinPlugin]
2018-11-24 13:48:32,309 INFO  [main] plugins.PluginsService (PluginsService.java:193) - loaded plugin [org.elasticsearch.percolator.PercolatorPlugin]
2018-11-24 13:48:32,309 INFO  [main] plugins.PluginsService (PluginsService.java:193) - loaded plugin [org.elasticsearch.script.mustache.MustachePlugin]
2018-11-24 13:48:32,309 INFO  [main] plugins.PluginsService (PluginsService.java:193) - loaded plugin [org.elasticsearch.transport.Netty4Plugin]
2018-11-24 13:50:19,075 INFO  [main] plugins.PluginsService (PluginsService.java:190) - no modules loaded
2018-11-24 13:50:19,075 INFO  [main] plugins.PluginsService (PluginsService.java:193) - loaded plugin [org.elasticsearch.index.reindex.ReindexPlugin]
2018-11-24 13:50:19,075 INFO  [main] plugins.PluginsService (PluginsService.java:193) - loaded plugin [org.elasticsearch.join.ParentJoinPlugin]
2018-11-24 13:50:19,075 INFO  [main] plugins.PluginsService (PluginsService.java:193) - loaded plugin [org.elasticsearch.percolator.PercolatorPlugin]
2018-11-24 13:50:19,075 INFO  [main] plugins.PluginsService (PluginsService.java:193) - loaded plugin [org.elasticsearch.script.mustache.MustachePlugin]
2018-11-24 13:50:19,075 INFO  [main] plugins.PluginsService (PluginsService.java:193) - loaded plugin [org.elasticsearch.transport.Netty4Plugin]
2018-11-24 13:50:23,941 ERROR [main] utils.ElasticSearchUtils (ElasticSearchUtils.java:63) - Error Creating Index
java.lang.IllegalArgumentException: mapping source must be pairs of fieldnames and properties definition.
	at org.elasticsearch.action.admin.indices.mapping.put.PutMappingRequest.buildFromSimplifiedDef(PutMappingRequest.java:200) ~[elasticsearch-6.5.1.jar:6.5.1]
	at org.elasticsearch.action.admin.indices.mapping.put.PutMappingRequest.source(PutMappingRequest.java:185) ~[elasticsearch-6.5.1.jar:6.5.1]
	at de.bytefish.elasticutils.elasticsearch6.utils.ElasticSearchUtils.internalPutMapping(ElasticSearchUtils.java:91) ~[classes/:?]
	at de.bytefish.elasticutils.elasticsearch6.utils.ElasticSearchUtils.putMapping(ElasticSearchUtils.java:60) [classes/:?]
	at de.bytefish.elasticutils.elasticsearch6.example.IntegrationTest.createMapping(IntegrationTest.java:85) [test-classes/:?]
	at de.bytefish.elasticutils.elasticsearch6.example.IntegrationTest.bulkProcessingTest(IntegrationTest.java:61) [test-classes/:?]
	at sun.reflect.NativeMethodAccessorImpl.invoke0(Native Method) ~[?:1.8.0_111]
	at sun.reflect.NativeMethodAccessorImpl.invoke(NativeMethodAccessorImpl.java:62) ~[?:1.8.0_111]
	at sun.reflect.DelegatingMethodAccessorImpl.invoke(DelegatingMethodAccessorImpl.java:43) ~[?:1.8.0_111]
	at java.lang.reflect.Method.invoke(Method.java:498) ~[?:1.8.0_111]
	at org.junit.runners.model.FrameworkMethod$1.runReflectiveCall(FrameworkMethod.java:50) [junit-4.12.jar:4.12]
	at org.junit.internal.runners.model.ReflectiveCallable.run(ReflectiveCallable.java:12) [junit-4.12.jar:4.12]
	at org.junit.runners.model.FrameworkMethod.invokeExplosively(FrameworkMethod.java:47) [junit-4.12.jar:4.12]
	at org.junit.internal.runners.statements.InvokeMethod.evaluate(InvokeMethod.java:17) [junit-4.12.jar:4.12]
	at org.junit.runners.ParentRunner.runLeaf(ParentRunner.java:325) [junit-4.12.jar:4.12]
	at org.junit.runners.BlockJUnit4ClassRunner.runChild(BlockJUnit4ClassRunner.java:78) [junit-4.12.jar:4.12]
	at org.junit.runners.BlockJUnit4ClassRunner.runChild(BlockJUnit4ClassRunner.java:57) [junit-4.12.jar:4.12]
	at org.junit.runners.ParentRunner$3.run(ParentRunner.java:290) [junit-4.12.jar:4.12]
	at org.junit.runners.ParentRunner$1.schedule(ParentRunner.java:71) [junit-4.12.jar:4.12]
	at org.junit.runners.ParentRunner.runChildren(ParentRunner.java:288) [junit-4.12.jar:4.12]
	at org.junit.runners.ParentRunner.access$000(ParentRunner.java:58) [junit-4.12.jar:4.12]
	at org.junit.runners.ParentRunner$2.evaluate(ParentRunner.java:268) [junit-4.12.jar:4.12]
	at org.junit.runners.ParentRunner.run(ParentRunner.java:363) [junit-4.12.jar:4.12]
	at org.junit.runner.JUnitCore.run(JUnitCore.java:137) [junit-4.12.jar:4.12]
	at com.intellij.junit4.JUnit4IdeaTestRunner.startRunnerWithArgs(JUnit4IdeaTestRunner.java:68) [junit-rt.jar:?]
	at com.intellij.rt.execution.junit.IdeaTestRunner$Repeater.startRunnerWithArgs(IdeaTestRunner.java:47) [junit-rt.jar:?]
	at com.intellij.rt.execution.junit.JUnitStarter.prepareStreamsAndStart(JUnitStarter.java:242) [junit-rt.jar:?]
	at com.intellij.rt.execution.junit.JUnitStarter.main(JUnitStarter.java:70) [junit-rt.jar:?]
2018-11-24 13:51:31,880 INFO  [main] plugins.PluginsService (PluginsService.java:190) - no modules loaded
2018-11-24 13:51:31,880 INFO  [main] plugins.PluginsService (PluginsService.java:193) - loaded plugin [org.elasticsearch.index.reindex.ReindexPlugin]
2018-11-24 13:51:31,880 INFO  [main] plugins.PluginsService (PluginsService.java:193) - loaded plugin [org.elasticsearch.join.ParentJoinPlugin]
2018-11-24 13:51:31,880 INFO  [main] plugins.PluginsService (PluginsService.java:193) - loaded plugin [org.elasticsearch.percolator.PercolatorPlugin]
2018-11-24 13:51:31,880 INFO  [main] plugins.PluginsService (PluginsService.java:193) - loaded plugin [org.elasticsearch.script.mustache.MustachePlugin]
2018-11-24 13:51:31,880 INFO  [main] plugins.PluginsService (PluginsService.java:193) - loaded plugin [org.elasticsearch.transport.Netty4Plugin]
2018-11-24 13:52:23,292 INFO  [main] plugins.PluginsService (PluginsService.java:190) - no modules loaded
2018-11-24 13:52:23,292 INFO  [main] plugins.PluginsService (PluginsService.java:193) - loaded plugin [org.elasticsearch.index.reindex.ReindexPlugin]
2018-11-24 13:52:23,292 INFO  [main] plugins.PluginsService (PluginsService.java:193) - loaded plugin [org.elasticsearch.join.ParentJoinPlugin]
2018-11-24 13:52:23,292 INFO  [main] plugins.PluginsService (PluginsService.java:193) - loaded plugin [org.elasticsearch.percolator.PercolatorPlugin]
2018-11-24 13:52:23,292 INFO  [main] plugins.PluginsService (PluginsService.java:193) - loaded plugin [org.elasticsearch.script.mustache.MustachePlugin]
2018-11-24 13:52:23,292 INFO  [main] plugins.PluginsService (PluginsService.java:193) - loaded plugin [org.elasticsearch.transport.Netty4Plugin]
2019-05-12 09:16:02,155 ERROR [main] utils.ElasticSearchUtils (ElasticSearchUtils.java:43) - Error Checking Index Exist
java.lang.RuntimeException: error while performing request
	at org.elasticsearch.client.RestClient.extractAndWrapCause(RestClient.java:814) ~[elasticsearch-rest-client-7.0.1.jar:7.0.1]
	at org.elasticsearch.client.RestClient.performRequest(RestClient.java:225) ~[elasticsearch-rest-client-7.0.1.jar:7.0.1]
	at org.elasticsearch.client.RestClient.performRequest(RestClient.java:212) ~[elasticsearch-rest-client-7.0.1.jar:7.0.1]
	at org.elasticsearch.client.RestHighLevelClient.internalPerformRequest(RestHighLevelClient.java:1433) ~[elasticsearch-rest-high-level-client-7.0.1.jar:7.0.1]
	at org.elasticsearch.client.RestHighLevelClient.performRequest(RestHighLevelClient.java:1418) ~[elasticsearch-rest-high-level-client-7.0.1.jar:7.0.1]
	at org.elasticsearch.client.IndicesClient.exists(IndicesClient.java:782) ~[elasticsearch-rest-high-level-client-7.0.1.jar:7.0.1]
	at de.bytefish.elasticutils.elasticsearch7.utils.ElasticSearchUtils.indexExist(ElasticSearchUtils.java:39) [classes/:?]
	at de.bytefish.elasticutils.elasticsearch7.example.IntegrationTest.createIndex(IntegrationTest.java:75) [test-classes/:?]
	at de.bytefish.elasticutils.elasticsearch7.example.IntegrationTest.bulkProcessingTest(IntegrationTest.java:56) [test-classes/:?]
	at sun.reflect.NativeMethodAccessorImpl.invoke0(Native Method) ~[?:1.8.0_111]
	at sun.reflect.NativeMethodAccessorImpl.invoke(NativeMethodAccessorImpl.java:62) ~[?:1.8.0_111]
	at sun.reflect.DelegatingMethodAccessorImpl.invoke(DelegatingMethodAccessorImpl.java:43) ~[?:1.8.0_111]
	at java.lang.reflect.Method.invoke(Method.java:498) ~[?:1.8.0_111]
	at org.junit.runners.model.FrameworkMethod$1.runReflectiveCall(FrameworkMethod.java:50) [junit-4.12.jar:4.12]
	at org.junit.internal.runners.model.ReflectiveCallable.run(ReflectiveCallable.java:12) [junit-4.12.jar:4.12]
	at org.junit.runners.model.FrameworkMethod.invokeExplosively(FrameworkMethod.java:47) [junit-4.12.jar:4.12]
	at org.junit.internal.runners.statements.InvokeMethod.evaluate(InvokeMethod.java:17) [junit-4.12.jar:4.12]
	at org.junit.runners.ParentRunner.runLeaf(ParentRunner.java:325) [junit-4.12.jar:4.12]
	at org.junit.runners.BlockJUnit4ClassRunner.runChild(BlockJUnit4ClassRunner.java:78) [junit-4.12.jar:4.12]
	at org.junit.runners.BlockJUnit4ClassRunner.runChild(BlockJUnit4ClassRunner.java:57) [junit-4.12.jar:4.12]
	at org.junit.runners.ParentRunner$3.run(ParentRunner.java:290) [junit-4.12.jar:4.12]
	at org.junit.runners.ParentRunner$1.schedule(ParentRunner.java:71) [junit-4.12.jar:4.12]
	at org.junit.runners.ParentRunner.runChildren(ParentRunner.java:288) [junit-4.12.jar:4.12]
	at org.junit.runners.ParentRunner.access$000(ParentRunner.java:58) [junit-4.12.jar:4.12]
	at org.junit.runners.ParentRunner$2.evaluate(ParentRunner.java:268) [junit-4.12.jar:4.12]
	at org.junit.runners.ParentRunner.run(ParentRunner.java:363) [junit-4.12.jar:4.12]
	at org.junit.runner.JUnitCore.run(JUnitCore.java:137) [junit-4.12.jar:4.12]
	at com.intellij.junit4.JUnit4IdeaTestRunner.startRunnerWithArgs(JUnit4IdeaTestRunner.java:68) [junit-rt.jar:?]
	at com.intellij.rt.execution.junit.IdeaTestRunner$Repeater.startRunnerWithArgs(IdeaTestRunner.java:47) [junit-rt.jar:?]
	at com.intellij.rt.execution.junit.JUnitStarter.prepareStreamsAndStart(JUnitStarter.java:242) [junit-rt.jar:?]
	at com.intellij.rt.execution.junit.JUnitStarter.main(JUnitStarter.java:70) [junit-rt.jar:?]
Caused by: org.apache.http.ProtocolException: Not a valid protocol version: This is not an HTTP port
	at org.apache.http.impl.nio.codecs.AbstractMessageParser.parse(AbstractMessageParser.java:209) ~[httpcore-nio-4.4.11.jar:4.4.11]
	at org.apache.http.impl.nio.DefaultNHttpClientConnection.consumeInput(DefaultNHttpClientConnection.java:245) ~[httpcore-nio-4.4.11.jar:4.4.11]
	at org.apache.http.impl.nio.client.InternalIODispatch.onInputReady(InternalIODispatch.java:81) ~[httpasyncclient-4.1.4.jar:4.1.4]
	at org.apache.http.impl.nio.client.InternalIODispatch.onInputReady(InternalIODispatch.java:39) ~[httpasyncclient-4.1.4.jar:4.1.4]
	at org.apache.http.impl.nio.reactor.AbstractIODispatch.inputReady(AbstractIODispatch.java:114) ~[httpcore-nio-4.4.11.jar:4.4.11]
	at org.apache.http.impl.nio.reactor.BaseIOReactor.readable(BaseIOReactor.java:162) ~[httpcore-nio-4.4.11.jar:4.4.11]
	at org.apache.http.impl.nio.reactor.AbstractIOReactor.processEvent(AbstractIOReactor.java:337) ~[httpcore-nio-4.4.11.jar:4.4.11]
	at org.apache.http.impl.nio.reactor.AbstractIOReactor.processEvents(AbstractIOReactor.java:315) ~[httpcore-nio-4.4.11.jar:4.4.11]
	at org.apache.http.impl.nio.reactor.AbstractIOReactor.execute(AbstractIOReactor.java:276) ~[httpcore-nio-4.4.11.jar:4.4.11]
	at org.apache.http.impl.nio.reactor.BaseIOReactor.execute(BaseIOReactor.java:104) ~[httpcore-nio-4.4.11.jar:4.4.11]
	at org.apache.http.impl.nio.reactor.AbstractMultiworkerIOReactor$Worker.run(AbstractMultiworkerIOReactor.java:591) ~[httpcore-nio-4.4.11.jar:4.4.11]
	at java.lang.Thread.run(Thread.java:745) ~[?:1.8.0_111]
Caused by: org.apache.http.ParseException: Not a valid protocol version: This is not an HTTP port
	at org.apache.http.message.BasicLineParser.parseProtocolVersion(BasicLineParser.java:148) ~[httpcore-4.4.11.jar:4.4.11]
	at org.apache.http.message.BasicLineParser.parseStatusLine(BasicLineParser.java:366) ~[httpcore-4.4.11.jar:4.4.11]
	at org.apache.http.impl.nio.codecs.DefaultHttpResponseParser.createMessage(DefaultHttpResponseParser.java:112) ~[httpcore-nio-4.4.11.jar:4.4.11]
	at org.apache.http.impl.nio.codecs.DefaultHttpResponseParser.createMessage(DefaultHttpResponseParser.java:50) ~[httpcore-nio-4.4.11.jar:4.4.11]
	at org.apache.http.impl.nio.codecs.AbstractMessageParser.parseHeadLine(AbstractMessageParser.java:156) ~[httpcore-nio-4.4.11.jar:4.4.11]
	at org.apache.http.impl.nio.codecs.AbstractMessageParser.parse(AbstractMessageParser.java:207) ~[httpcore-nio-4.4.11.jar:4.4.11]
	at org.apache.http.impl.nio.DefaultNHttpClientConnection.consumeInput(DefaultNHttpClientConnection.java:245) ~[httpcore-nio-4.4.11.jar:4.4.11]
	at org.apache.http.impl.nio.client.InternalIODispatch.onInputReady(InternalIODispatch.java:81) ~[httpasyncclient-4.1.4.jar:4.1.4]
	at org.apache.http.impl.nio.client.InternalIODispatch.onInputReady(InternalIODispatch.java:39) ~[httpasyncclient-4.1.4.jar:4.1.4]
	at org.apache.http.impl.nio.reactor.AbstractIODispatch.inputReady(AbstractIODispatch.java:114) ~[httpcore-nio-4.4.11.jar:4.4.11]
	at org.apache.http.impl.nio.reactor.BaseIOReactor.readable(BaseIOReactor.java:162) ~[httpcore-nio-4.4.11.jar:4.4.11]
	at org.apache.http.impl.nio.reactor.AbstractIOReactor.processEvent(AbstractIOReactor.java:337) ~[httpcore-nio-4.4.11.jar:4.4.11]
	at org.apache.http.impl.nio.reactor.AbstractIOReactor.processEvents(AbstractIOReactor.java:315) ~[httpcore-nio-4.4.11.jar:4.4.11]
	at org.apache.http.impl.nio.reactor.AbstractIOReactor.execute(AbstractIOReactor.java:276) ~[httpcore-nio-4.4.11.jar:4.4.11]
	at org.apache.http.impl.nio.reactor.BaseIOReactor.execute(BaseIOReactor.java:104) ~[httpcore-nio-4.4.11.jar:4.4.11]
	at org.apache.http.impl.nio.reactor.AbstractMultiworkerIOReactor$Worker.run(AbstractMultiworkerIOReactor.java:591) ~[httpcore-nio-4.4.11.jar:4.4.11]
	at java.lang.Thread.run(Thread.java:745) ~[?:1.8.0_111]
2019-05-12 09:16:21,621 ERROR [main] utils.ElasticSearchUtils (ElasticSearchUtils.java:54) - Error Creating Index
org.elasticsearch.ElasticsearchStatusException: Elasticsearch exception [type=invalid_index_name_exception, reason=Invalid index name [indexName], must be lowercase]
	at org.elasticsearch.rest.BytesRestResponse.errorFromXContent(BytesRestResponse.java:177) ~[elasticsearch-7.0.1.jar:7.0.1]
	at org.elasticsearch.client.RestHighLevelClient.parseEntity(RestHighLevelClient.java:1706) ~[elasticsearch-rest-high-level-client-7.0.1.jar:7.0.1]
	at org.elasticsearch.client.RestHighLevelClient.parseResponseException(RestHighLevelClient.java:1683) ~[elasticsearch-rest-high-level-client-7.0.1.jar:7.0.1]
	at org.elasticsearch.client.RestHighLevelClient.internalPerformRequest(RestHighLevelClient.java:1446) ~[elasticsearch-rest-high-level-client-7.0.1.jar:7.0.1]
	at org.elasticsearch.client.RestHighLevelClient.performRequest(RestHighLevelClient.java:1418) ~[elasticsearch-rest-high-level-client-7.0.1.jar:7.0.1]
	at org.elasticsearch.client.RestHighLevelClient.performRequestAndParseEntity(RestHighLevelClient.java:1385) ~[elasticsearch-rest-high-level-client-7.0.1.jar:7.0.1]
	at org.elasticsearch.client.IndicesClient.create(IndicesClient.java:125) ~[elasticsearch-rest-high-level-client-7.0.1.jar:7.0.1]
	at de.bytefish.elasticutils.elasticsearch7.utils.ElasticSearchUtils.internalCreateIndex(ElasticSearchUtils.java:75) ~[classes/:?]
	at de.bytefish.elasticutils.elasticsearch7.utils.ElasticSearchUtils.createIndex(ElasticSearchUtils.java:51) [classes/:?]
	at de.bytefish.elasticutils.elasticsearch7.example.IntegrationTest.createIndex(IntegrationTest.java:76) [test-classes/:?]
	at de.bytefish.elasticutils.elasticsearch7.example.IntegrationTest.bulkProcessingTest(IntegrationTest.java:56) [test-classes/:?]
	at sun.reflect.NativeMethodAccessorImpl.invoke0(Native Method) ~[?:1.8.0_111]
	at sun.reflect.NativeMethodAccessorImpl.invoke(NativeMethodAccessorImpl.java:62) ~[?:1.8.0_111]
	at sun.reflect.DelegatingMethodAccessorImpl.invoke(DelegatingMethodAccessorImpl.java:43) ~[?:1.8.0_111]
	at java.lang.reflect.Method.invoke(Method.java:498) ~[?:1.8.0_111]
	at org.junit.runners.model.FrameworkMethod$1.runReflectiveCall(FrameworkMethod.java:50) [junit-4.12.jar:4.12]
	at org.junit.internal.runners.model.ReflectiveCallable.run(ReflectiveCallable.java:12) [junit-4.12.jar:4.12]
	at org.junit.runners.model.FrameworkMethod.invokeExplosively(FrameworkMethod.java:47) [junit-4.12.jar:4.12]
	at org.junit.internal.runners.statements.InvokeMethod.evaluate(InvokeMethod.java:17) [junit-4.12.jar:4.12]
	at org.junit.runners.ParentRunner.runLeaf(ParentRunner.java:325) [junit-4.12.jar:4.12]
	at org.junit.runners.BlockJUnit4ClassRunner.runChild(BlockJUnit4ClassRunner.java:78) [junit-4.12.jar:4.12]
	at org.junit.runners.BlockJUnit4ClassRunner.runChild(BlockJUnit4ClassRunner.java:57) [junit-4.12.jar:4.12]
	at org.junit.runners.ParentRunner$3.run(ParentRunner.java:290) [junit-4.12.jar:4.12]
	at org.junit.runners.ParentRunner$1.schedule(ParentRunner.java:71) [junit-4.12.jar:4.12]
	at org.junit.runners.ParentRunner.runChildren(ParentRunner.java:288) [junit-4.12.jar:4.12]
	at org.junit.runners.ParentRunner.access$000(ParentRunner.java:58) [junit-4.12.jar:4.12]
	at org.junit.runners.ParentRunner$2.evaluate(ParentRunner.java:268) [junit-4.12.jar:4.12]
	at org.junit.runners.ParentRunner.run(ParentRunner.java:363) [junit-4.12.jar:4.12]
	at org.junit.runner.JUnitCore.run(JUnitCore.java:137) [junit-4.12.jar:4.12]
	at com.intellij.junit4.JUnit4IdeaTestRunner.startRunnerWithArgs(JUnit4IdeaTestRunner.java:68) [junit-rt.jar:?]
	at com.intellij.rt.execution.junit.IdeaTestRunner$Repeater.startRunnerWithArgs(IdeaTestRunner.java:47) [junit-rt.jar:?]
	at com.intellij.rt.execution.junit.JUnitStarter.prepareStreamsAndStart(JUnitStarter.java:242) [junit-rt.jar:?]
	at com.intellij.rt.execution.junit.JUnitStarter.main(JUnitStarter.java:70) [junit-rt.jar:?]
	Suppressed: org.elasticsearch.client.ResponseException: method [PUT], host [http://127.0.0.1:9200], URI [/indexName?master_timeout=30s&timeout=30s], status line [HTTP/1.1 400 Bad Request]
{"error":{"root_cause":[{"type":"invalid_index_name_exception","reason":"Invalid index name [indexName], must be lowercase","index_uuid":"_na_","index":"indexName"}],"type":"invalid_index_name_exception","reason":"Invalid index name [indexName], must be lowercase","index_uuid":"_na_","index":"indexName"},"status":400}
		at org.elasticsearch.client.RestClient.convertResponse(RestClient.java:260) ~[elasticsearch-rest-client-7.0.1.jar:7.0.1]
		at org.elasticsearch.client.RestClient.performRequest(RestClient.java:238) ~[elasticsearch-rest-client-7.0.1.jar:7.0.1]
		at org.elasticsearch.client.RestClient.performRequest(RestClient.java:212) ~[elasticsearch-rest-client-7.0.1.jar:7.0.1]
		at org.elasticsearch.client.RestHighLevelClient.internalPerformRequest(RestHighLevelClient.java:1433) ~[elasticsearch-rest-high-level-client-7.0.1.jar:7.0.1]
		at org.elasticsearch.client.RestHighLevelClient.performRequest(RestHighLevelClient.java:1418) ~[elasticsearch-rest-high-level-client-7.0.1.jar:7.0.1]
		at org.elasticsearch.client.RestHighLevelClient.performRequestAndParseEntity(RestHighLevelClient.java:1385) ~[elasticsearch-rest-high-level-client-7.0.1.jar:7.0.1]
		at org.elasticsearch.client.IndicesClient.create(IndicesClient.java:125) ~[elasticsearch-rest-high-level-client-7.0.1.jar:7.0.1]
		at de.bytefish.elasticutils.elasticsearch7.utils.ElasticSearchUtils.internalCreateIndex(ElasticSearchUtils.java:75) ~[classes/:?]
		at de.bytefish.elasticutils.elasticsearch7.utils.ElasticSearchUtils.createIndex(ElasticSearchUtils.java:51) [classes/:?]
		at de.bytefish.elasticutils.elasticsearch7.example.IntegrationTest.createIndex(IntegrationTest.java:76) [test-classes/:?]
		at de.bytefish.elasticutils.elasticsearch7.example.IntegrationTest.bulkProcessingTest(IntegrationTest.java:56) [test-classes/:?]
		at sun.reflect.NativeMethodAccessorImpl.invoke0(Native Method) ~[?:1.8.0_111]
		at sun.reflect.NativeMethodAccessorImpl.invoke(NativeMethodAccessorImpl.java:62) ~[?:1.8.0_111]
		at sun.reflect.DelegatingMethodAccessorImpl.invoke(DelegatingMethodAccessorImpl.java:43) ~[?:1.8.0_111]
		at java.lang.reflect.Method.invoke(Method.java:498) ~[?:1.8.0_111]
		at org.junit.runners.model.FrameworkMethod$1.runReflectiveCall(FrameworkMethod.java:50) [junit-4.12.jar:4.12]
		at org.junit.internal.runners.model.ReflectiveCallable.run(ReflectiveCallable.java:12) [junit-4.12.jar:4.12]
		at org.junit.runners.model.FrameworkMethod.invokeExplosively(FrameworkMethod.java:47) [junit-4.12.jar:4.12]
		at org.junit.internal.runners.statements.InvokeMethod.evaluate(InvokeMethod.java:17) [junit-4.12.jar:4.12]
		at org.junit.runners.ParentRunner.runLeaf(ParentRunner.java:325) [junit-4.12.jar:4.12]
		at org.junit.runners.BlockJUnit4ClassRunner.runChild(BlockJUnit4ClassRunner.java:78) [junit-4.12.jar:4.12]
		at org.junit.runners.BlockJUnit4ClassRunner.runChild(BlockJUnit4ClassRunner.java:57) [junit-4.12.jar:4.12]
		at org.junit.runners.ParentRunner$3.run(ParentRunner.java:290) [junit-4.12.jar:4.12]
		at org.junit.runners.ParentRunner$1.schedule(ParentRunner.java:71) [junit-4.12.jar:4.12]
		at org.junit.runners.ParentRunner.runChildren(ParentRunner.java:288) [junit-4.12.jar:4.12]
		at org.junit.runners.ParentRunner.access$000(ParentRunner.java:58) [junit-4.12.jar:4.12]
		at org.junit.runners.ParentRunner$2.evaluate(ParentRunner.java:268) [junit-4.12.jar:4.12]
		at org.junit.runners.ParentRunner.run(ParentRunner.java:363) [junit-4.12.jar:4.12]
		at org.junit.runner.JUnitCore.run(JUnitCore.java:137) [junit-4.12.jar:4.12]
		at com.intellij.junit4.JUnit4IdeaTestRunner.startRunnerWithArgs(JUnit4IdeaTestRunner.java:68) [junit-rt.jar:?]
		at com.intellij.rt.execution.junit.IdeaTestRunner$Repeater.startRunnerWithArgs(IdeaTestRunner.java:47) [junit-rt.jar:?]
		at com.intellij.rt.execution.junit.JUnitStarter.prepareStreamsAndStart(JUnitStarter.java:242) [junit-rt.jar:?]
		at com.intellij.rt.execution.junit.JUnitStarter.main(JUnitStarter.java:70) [junit-rt.jar:?]
